Alex2Mongo Pipeline Logs
2023-07-18 21:59:06.309176
------------------------
Connected to: Collection(Database(MongoClient(host=['localhost:27017'], document_class=dict, tz_aware=False, connect=True), 'OpenAlexEnvironmental'), 'journals')
------------------------
1093-7404 :: 150 articles :: 1.08 seconds
2198-6592 :: 226 articles :: 1.24 seconds
0179-5953 :: 206 articles :: 1.38 seconds
0956-053X :: 5856 articles :: 31.98 seconds
2666-4984 :: 102 articles :: 0.92 seconds
2051-8153 :: 2102 articles :: 12.7 seconds
2328-4277 :: 1076 articles :: 8.39 seconds
2589-9147 :: 163 articles :: 2.08 seconds
1877-3435 :: 1101 articles :: 6.82 seconds
0301-4797 :: 14693 articles :: 109.6 seconds
2212-0416 :: 1243 articles :: 8.91 seconds
0045-6535 :: 26912 articles :: 197.33 seconds
1748-9326 :: 6392 articles :: 45.71 seconds
0013-9351 :: 10321 articles :: 80.57 seconds
1088-1980 :: 1420 articles :: 9.89 seconds
1862-4065 :: 1355 articles :: 8.62 seconds
0301-4215 :: 7217 articles :: 48.23 seconds
1476-069X :: 1244 articles :: 9.85 seconds
2095-6339 :: 516 articles :: 4.16 seconds
2212-0963 :: 540 articles :: 4.31 seconds
0888-8892 :: 2192 articles :: 20.34 seconds
0006-3207 :: 4655 articles :: 32.17 seconds
2352-1864 :: 2050 articles :: 15.85 seconds
2049-1948 :: 633 articles :: 4.53 seconds
1680-7316 :: 8766 articles :: 71.21 seconds
0025-326X :: 9658 articles :: 66.73 seconds
0921-8009 :: 3375 articles :: 21.32 seconds
2662-4435 :: 477 articles :: 4.22 seconds
0147-6513 :: 10251 articles :: 77.18 seconds
2190-4707 :: 834 articles :: 8.06 seconds
0044-7447 :: 1054 articles :: 7.59 seconds
0167-8809 :: 3464 articles :: 25.08 seconds
0886-6236 :: 1444 articles :: 10.78 seconds
1462-9011 :: 2194 articles :: 16.14 seconds
2212-0955 :: 1357 articles :: 9.9 seconds
0948-3349 :: 1208 articles :: 8.16 seconds
2468-2039 :: 245 articles :: 2.32 seconds
1208-6053 :: 406 articles :: 4.06 seconds
1470-160X :: 9336 articles :: 67.39 seconds
2452-0748 :: 473 articles :: 4.81 seconds
2471-1403 :: 405 articles :: 3.18 seconds
0043-1397 :: 6774 articles :: 47.15 seconds
0098-8472 :: 2671 articles :: 17.91 seconds
1364-8152 :: 2418 articles :: 18.8 seconds
1051-0761 :: 2355 articles :: 17.41 seconds
1001-0742 :: 3651 articles :: 27.55 seconds
0165-0009 :: 2877 articles :: 19.64 seconds
1352-2310 :: 7801 articles :: 56.06 seconds
2053-1400 :: 1418 articles :: 8.53 seconds
1674-9278 :: 663 articles :: 4.61 seconds
2047-2382 :: 323 articles :: 2.62 seconds
2072-4292 :: 28557 articles :: 209.03 seconds
0926-860X :: 4673 articles :: 31.19 seconds
0168-2563 :: 1232 articles :: 8.37 seconds
2352-5541 :: 1049 articles :: 8.74 seconds
1726-2135 :: 273 articles :: 2.17 seconds
2325-1026 :: 597 articles :: 5.69 seconds
1750-0680 :: 244 articles :: 2.3 seconds
1559-0631 :: 563 articles :: 4.07 seconds
0964-8305 :: 2354 articles :: 15.71 seconds
2095-2201 :: 988 articles :: 5.94 seconds
1085-3278 :: 2400 articles :: 15.31 seconds
2213-3054 :: 370 articles :: 2.77 seconds
0925-8574 :: 4440 articles :: 30.59 seconds
2305-6304 :: 2164 articles :: 17.47 seconds
2050-7887 :: 2138 articles :: 13.27 seconds
1436-3798 :: 1693 articles :: 11.01 seconds
2169-8953 :: 2037 articles :: 14.86 seconds
0944-1344 :: 37062 articles :: 235.17 seconds
2211-4645 :: 658 articles :: 5.11 seconds
1382-6689 :: 2396 articles :: 16.65 seconds
0269-4042 :: 2175 articles :: 13.94 seconds
1309-1042 :: 1892 articles :: 14.19 seconds
1660-4601 :: 59700 articles :: 448.37 seconds
0013-9157 :: 326 articles :: 2.12 seconds
0730-7268 :: 3793 articles :: 25.15 seconds
1873-9318 :: 895 articles :: 5.68 seconds
1472-4677 :: 598 articles :: 4.35 seconds
0960-3115 :: 2222 articles :: 14.11 seconds
0141-1136 :: 2228 articles :: 15.91 seconds
1080-7039 :: 1127 articles :: 7.66 seconds
0734-242X :: 1397 articles :: 8.52 seconds
1753-318X :: 855 articles :: 5.57 seconds
0021-8502 :: 1453 articles :: 9.6 seconds
2053-0196 :: 191 articles :: 2.04 seconds
2071-1050 :: Failed to load articles....
#### START ERROR LOG ####
500 Server Error: INTERNAL SERVER ERROR for url: https://api.openalex.org/works?filter=primary_location.source.issn:2071-1050,publication_year:%3E2012&select=title,language,publication_year,publication_date,type,primary_location,authorships,biblio,concepts,abstract_inverted_index&per-page=200&cursor=Ils0LCAnaHR0cHM6Ly9vcGVuYWxleC5vcmcvVzMxMjkyNzE1NzUnXSI%3D
####  END ERROR LOG  ####
1539-1663 :: 1194 articles :: 8.33 seconds
1867-0334 :: 451 articles :: 3.5 seconds
1551-3777 :: 1440 articles :: 10.36 seconds
1754-5692 :: 3444 articles :: 23.7 seconds
2662-138X :: 261 articles :: 1.83 seconds
1758-678X :: 3343 articles :: 21.86 seconds
2542-5196 :: 1060 articles :: 9.04 seconds
1618-954X :: 2001 articles :: 11.76 seconds
1387-585X :: 4092 articles :: 24.67 seconds
1522-6514 :: 1590 articles :: 10.44 seconds
0020-7128 :: 1876 articles :: 11.25 seconds
0364-152X :: 2466 articles :: 13.17 seconds
2052-336X :: 704 articles :: 6.22 seconds
1381-2386 :: 620 articles :: 3.8 seconds
1612-9202 :: 563 articles :: 3.66 seconds
0893-6692 :: 914 articles :: 6.12 seconds
1010-6049 :: 1743 articles :: 12.59 seconds
0376-8929 :: 509 articles :: 3.79 seconds
0278-6826 :: 1313 articles :: 10.58 seconds
0047-2425 :: 1984 articles :: 13.08 seconds
1758-2229 :: 1180 articles :: 8.14 seconds
1439-0108 :: 2968 articles :: 17.13 seconds
2051-1434 :: 908 articles :: 7.5 seconds
0169-7722 :: 1270 articles :: 8.62 seconds
1448-2517 :: Failed to load articles....
#### START ERROR LOG ####
500 Server Error: INTERNAL SERVER ERROR for url: https://api.openalex.org/works?filter=primary_location.source.issn:1448-2517,publication_year:%3E2012&select=title,language,publication_year,publication_date,type,primary_location,authorships,biblio,concepts,abstract_inverted_index&per-page=200&cursor=IlswLCAnaHR0cHM6Ly9vcGVuYWxleC5vcmcvVzIzNTA4Mjk3ODYnXSI%3D
####  END ERROR LOG  ####
1520-4081 :: 2080 articles :: 14.78 seconds
0960-3123 :: 973 articles :: 6.79 seconds
2471-9625 :: 204 articles :: 2.21 seconds
1943-815X :: 152 articles :: 2.22 seconds
1680-8584 :: 2435 articles :: 17.23 seconds
2073-4441 :: 20856 articles :: 151.09 seconds
1877-2641 :: 3011 articles :: 18.53 seconds
0718-9508 :: 1801 articles :: 11.5 seconds
1226-1025 :: 893 articles :: 6.29 seconds
1052-7613 :: 1474 articles :: 9.51 seconds
0090-4341 :: 1144 articles :: 7.12 seconds
0957-1787 :: 1017 articles :: 6.34 seconds
1606-0997 :: 285 articles :: 2.62 seconds
1939-1234 :: 978 articles :: 6.17 seconds
1735-1472 :: 4907 articles :: 30.07 seconds
1438-4957 :: 1658 articles :: 10.27 seconds
0048-7554 :: 501 articles :: 3.9 seconds
0167-6369 :: 8550 articles :: 54.21 seconds
1758-3004 :: 508 articles :: 3.69 seconds
0380-1330 :: 1779 articles :: 12.32 seconds
1936-0584 :: 1310 articles :: 8.82 seconds
0895-3988 :: 148 articles :: 1.06 seconds
1096-2247 :: 1153 articles :: 7.74 seconds
1436-3240 :: 1814 articles :: 10.96 seconds
0963-9292 :: 1669 articles :: 9.75 seconds
1559-2723 :: 1640 articles :: 10.0 seconds
2515-7620 :: 453 articles :: 3.68 seconds
0892-0753 :: 372 articles :: 2.49 seconds
2073-4433 :: 8468 articles :: 60.31 seconds
0959-3330 :: 4331 articles :: 31.27 seconds
1866-6280 :: 8738 articles :: 58.3 seconds
1015-1621 :: 701 articles :: 4.41 seconds
1001-6279 :: 641 articles :: 4.48 seconds
1570-6443 :: 531 articles :: 4.31 seconds
1545-9624 :: 1182 articles :: 7.23 seconds
1528-7394 :: 927 articles :: 6.51 seconds
2398-9629 :: 778 articles :: 5.72 seconds
0049-6979 :: 3809 articles :: 21.89 seconds
1464-7141 :: 859 articles :: 6.48 seconds
1748-0930 :: 398 articles :: 2.44 seconds
0167-7764 :: 203 articles :: 1.79 seconds
2368-7460 :: 227 articles :: 2.24 seconds
1735-6865 :: 974 articles :: 6.86 seconds
0165-0203 :: 340 articles :: 2.32 seconds
0140-1963 :: 2067 articles :: 13.95 seconds
2639-5932 :: 155 articles :: 1.22 seconds
2212-4284 :: 248 articles :: 2.12 seconds
1674-6767 :: 812 articles :: 6.07 seconds
1061-4303 :: 1945 articles :: 13.91 seconds
1550-7424 :: 920 articles :: 6.23 seconds
0149-0451 :: 994 articles :: 7.09 seconds
1648-6897 :: 318 articles :: 2.44 seconds
1535-1459 :: 1824 articles :: 11.42 seconds
0038-0768 :: 978 articles :: 8.47 seconds
1062-936X :: 496 articles :: 3.52 seconds
0940-5550 :: 696 articles :: 4.0 seconds
0007-4861 :: 2852 articles :: 18.64 seconds
0265-931X :: 2915 articles :: 20.55 seconds
0191-9512 :: 544 articles :: 3.25 seconds
1944-7442 :: 2246 articles :: 15.04 seconds
1567-7419 :: 672 articles :: 4.55 seconds
1187-7863 :: 352 articles :: 2.2 seconds
0393-5965 :: 508 articles :: 3.31 seconds
0306-7319 :: 2796 articles :: 20.22 seconds
0273-1223 :: 6078 articles :: 40.9 seconds
1093-4529 :: 1361 articles :: 9.4 seconds
0019-8366 :: 694 articles :: 5.48 seconds
1477-8920 :: 1025 articles :: 7.8 seconds
0277-5212 :: 1348 articles :: 8.16 seconds
1672-6316 :: 2103 articles :: 12.48 seconds
1092-8758 :: 1322 articles :: 8.78 seconds
0360-1234 :: 1023 articles :: 7.71 seconds
0936-577X :: 595 articles :: 4.05 seconds
0923-4861 :: 653 articles :: 4.77 seconds
1532-0383 :: 693 articles :: 5.02 seconds
0921-2728 :: 616 articles :: 4.28 seconds
1084-0699 :: 1766 articles :: 11.61 seconds
0276-4741 :: 664 articles :: 4.33 seconds
0733-9372 :: 1617 articles :: 12.42 seconds
2152-3878 :: 787 articles :: 5.22 seconds
1819-754X :: 132 articles :: 1.13 seconds
1420-2026 :: 430 articles :: 2.83 seconds
1863-0650 :: 1430 articles :: 8.69 seconds
1022-0119 :: 375 articles :: 2.33 seconds
1088-9868 :: 299 articles :: 2.4 seconds
1523-0430 :: 651 articles :: 4.88 seconds
1400-0350 :: 718 articles :: 4.48 seconds
1087-1209 :: 521 articles :: 3.35 seconds
2352-3522 :: 191 articles :: 1.7 seconds
0275-7540 :: 659 articles :: 4.43 seconds
0272-3646 :: 362 articles :: 2.61 seconds
1352-8505 :: 333 articles :: 2.19 seconds
1543-5938 :: 251 articles :: 2.05 seconds
1540-9295 :: 1520 articles :: 9.86 seconds
2590-3330 :: 519 articles :: 7.29 seconds
0959-3780 :: 1273 articles :: 8.51 seconds
0043-1354 :: 10637 articles :: 76.42 seconds
0034-4257 :: 5035 articles :: 39.11 seconds
0921-3449 :: 3588 articles :: 25.05 seconds
0160-4120 :: 5826 articles :: 45.96 seconds
1064-3389 :: 738 articles :: 9.38 seconds
1354-1013 :: 4815 articles :: 37.53 seconds
0304-3894 :: 17429 articles :: 118.82 seconds
2059-7037 :: 162 articles :: 1.38 seconds
1569-1705 :: 264 articles :: 2.0 seconds
0013-936X :: 16919 articles :: 114.89 seconds
2214-1588 :: 203 articles :: 1.64 seconds
1610-3653 :: 1219 articles :: 7.53 seconds
2328-8930 :: 1030 articles :: 7.59 seconds
0091-6765 :: 2827 articles :: 26.91 seconds
2524-7972 :: 232 articles :: 2.23 seconds
0959-6526 :: 35150 articles :: 237.89 seconds
2210-4224 :: 583 articles :: 4.79 seconds
0269-7491 :: 15029 articles :: 109.85 seconds
0048-9697 :: 50705 articles :: 367.13 seconds
0004-0843 :: 703 articles :: 3.73 seconds
1747-6585 :: 904 articles :: 6.03 seconds
0954-1020 :: 706 articles :: 5.03 seconds
1532-4982 :: 345 articles :: 2.31 seconds
2083-4772 :: 375 articles :: 2.12 seconds
1232-1966 :: 1194 articles :: 7.43 seconds
1527-5922 :: 410 articles :: 2.9 seconds
1370-6233 :: 302 articles :: 2.19 seconds
1230-1485 :: 3877 articles :: 19.72 seconds
0017-9078 :: 2255 articles :: 13.72 seconds
0301-634X :: 583 articles :: 3.51 seconds
1025-6016 :: 488 articles :: 3.31 seconds
1933-8244 :: 549 articles :: 3.41 seconds
2193-3081 :: 120 articles :: 1.06 seconds
1606-9749 :: 2343 articles :: 13.86 seconds
1898-6196 :: 414 articles :: 2.95 seconds
1931-3195 :: 2597 articles :: 14.95 seconds
0255-660X :: 1095 articles :: 5.63 seconds
1180-4009 :: 704 articles :: 4.25 seconds
2689-6583 :: 232 articles :: 1.8 seconds
0277-2248 :: 780 articles :: 4.76 seconds
0952-4746 :: 1236 articles :: 7.4 seconds
1239-6095 :: 122 articles :: 1.07 seconds
1463-4988 :: 511 articles :: 3.64 seconds
1790-7632 :: 1183 articles :: 6.9 seconds
0022-0892 :: 541 articles :: 3.51 seconds
0890-8575 :: 419 articles :: 2.81 seconds
1842-4090 :: 298 articles :: 2.18 seconds
0365-0812 :: 0 articles :: 0.26 seconds
0032-2474 :: 765 articles :: 4.0 seconds
0749-0208 :: 6148 articles :: 37.16 seconds
2038-5625 :: 21 articles :: 0.72 seconds
0144-8420 :: 3407 articles :: 22.44 seconds
1644-2296 :: 927 articles :: 4.78 seconds
0791-7945 :: 400 articles :: 2.27 seconds
1589-1623 :: 3624 articles :: 16.42 seconds
1430-483X :: 358 articles :: 2.02 seconds
0033-8451 :: 527 articles :: 3.62 seconds
1758-2083 :: 1201 articles :: 7.17 seconds
1582-9596 :: 2808 articles :: 16.2 seconds
0957-4352 :: 822 articles :: 5.06 seconds
0188-4999 :: 602 articles :: 3.94 seconds
1506-218X :: 565 articles :: 3.27 seconds
0119-1144 :: 279 articles :: 1.97 seconds
1018-4619 :: 1239 articles :: 6.29 seconds
1311-5065 :: 226 articles :: 1.61 seconds
1754-5692 :: 3444 articles :: 19.7 seconds
0926-3373 :: 9378 articles :: 59.89 seconds
2575-0348 :: 616 articles :: 4.43 seconds
1569-1705 :: 264 articles :: 1.92 seconds
0959-3780 :: 1274 articles :: 8.43 seconds
2468-5844 :: 412 articles :: 2.73 seconds
2196-5412 :: 395 articles :: 2.76 seconds
2328-8930 :: 1030 articles :: 6.84 seconds
2051-8153 :: 2102 articles :: 13.36 seconds
1528-7394 :: 927 articles :: 6.67 seconds
1535-3958 :: 1209 articles :: 8.46 seconds
1750-6816 :: 278 articles :: 2.09 seconds
1462-9011 :: 2193 articles :: 13.79 seconds
0957-5820 :: 5051 articles :: 32.14 seconds
1364-8152 :: 2418 articles :: 15.25 seconds
1476-069X :: 1244 articles :: 9.54 seconds
0964-4016 :: 871 articles :: 5.35 seconds
0095-0696 :: 924 articles :: 5.42 seconds
0099-2240 :: 7788 articles :: 52.45 seconds
2333-5955 :: 405 articles :: 2.55 seconds
2213-2929 :: 9058 articles :: 59.23 seconds
0195-9255 :: 1305 articles :: 8.23 seconds
2053-1400 :: 1418 articles :: 7.91 seconds
2095-2201 :: 988 articles :: 5.3 seconds
2215-1532 :: 748 articles :: 4.93 seconds
2050-7887 :: 2138 articles :: 12.43 seconds
2637-4943 :: 458 articles :: 3.57 seconds
1477-7835 :: 837 articles :: 5.88 seconds
1523-908X :: 490 articles :: 2.93 seconds
0308-518X :: 1380 articles :: 8.23 seconds
2383-3572 :: 270 articles :: 2.1 seconds
1526-3800 :: 562 articles :: 3.48 seconds
0924-6460 :: 1165 articles :: 7.35 seconds
2352-1864 :: 2050 articles :: 14.01 seconds
1755-6910 :: 227 articles :: 1.87 seconds
0964-0568 :: 1420 articles :: 8.63 seconds
0959-3330 :: 4331 articles :: 31.86 seconds
0095-896 :: 0 articles :: 0.25 seconds
2162-2515 :: 119 articles :: 1.17 seconds
1528-7394 :: 927 articles :: 5.27 seconds
1752-4032 :: 552 articles :: 3.19 seconds
0963-2719 :: 614 articles :: 3.32 seconds
1383-5718 :: Failed to load articles....
#### START ERROR LOG ####
500 Server Error: INTERNAL SERVER ERROR for url: https://api.openalex.org/works?filter=primary_location.source.issn:1383-5718,publication_year:%3E2012&select=title,language,publication_year,publication_date,type,primary_location,authorships,biblio,concepts,abstract_inverted_index&per-page=200&cursor=IlszLCAnaHR0cHM6Ly9vcGVuYWxleC5vcmcvVzMxMzc0MDYzMTEnXSI%3D
####  END ERROR LOG  ####
1747-7891 :: 277 articles :: 2.32 seconds
1756-932X :: 527 articles :: 3.24 seconds
2325-1042 :: 320 articles :: 2.08 seconds
2689-6583 :: 232 articles :: 1.39 seconds
2008-9163 :: 423 articles :: 3.06 seconds
2296-665X :: 5238 articles :: 36.18 seconds
1944-7442 :: 2246 articles :: 13.71 seconds
0731-8898 :: 324 articles :: 2.42 seconds
2047-1025 :: 381 articles :: 2.04 seconds
2666-0164 :: 290 articles :: 2.62 seconds
2051-803X :: 466 articles :: 3.16 seconds
1687-9805 :: 1425 articles :: 8.91 seconds
1461-4103 :: 463 articles :: 3.22 seconds
1964-8189 :: 1592 articles :: 10.19 seconds
2198-7491 :: 633 articles :: 4.08 seconds
1932-1465 :: 97 articles :: 1.01 seconds
1187-7863 :: 352 articles :: 2.2 seconds
0046-225X :: 1900 articles :: 12.1 seconds
1420-2026 :: 430 articles :: 3.1 seconds
1038-2046 :: 309 articles :: 2.03 seconds
1093-4529 :: 1361 articles :: 9.05 seconds
2365-6379 :: 199 articles :: 1.33 seconds
1448-6563 :: 395 articles :: 2.53 seconds
2160-5882 :: 211 articles :: 1.53 seconds
1432-847X :: 334 articles :: 2.09 seconds
0733-9372 :: 1617 articles :: 9.92 seconds
2160-6544 :: 284 articles :: 1.94 seconds
0020-7233 :: 1234 articles :: 7.11 seconds
0360-1234 :: 1023 articles :: 6.94 seconds
2331-1843 :: 185 articles :: 1.39 seconds
2665-9727 :: 185 articles :: 1.43 seconds
2050-0386 :: 324 articles :: 1.87 seconds
1083-1363 :: 382 articles :: 2.79 seconds
1933-8244 :: 549 articles :: 3.43 seconds
2190-6483 :: 901 articles :: 4.51 seconds
1085-7117 :: 279 articles :: 1.91 seconds
0952-8873 :: 363 articles :: 2.23 seconds
2468-9270 :: 105 articles :: 0.99 seconds
1611-8014 :: 79 articles :: 0.98 seconds
1611-8014 :: 79 articles :: 0.77 seconds
1075-9565 :: 73 articles :: 1.0 seconds
1691-5208 :: 15 articles :: 0.64 seconds
2474-7882 :: 1298 articles :: 8.91 seconds
1939-4071 :: 421 articles :: 2.95 seconds
1088-1913 :: 735 articles :: 4.31 seconds
1048-2911 :: 340 articles :: 2.29 seconds
2005-9752 :: 429 articles :: 2.58 seconds
0814-0626 :: 270 articles :: 1.91 seconds
1464-3332 :: 298 articles :: 2.31 seconds
2068-7729 :: 1365 articles :: 8.21 seconds
2382-6436 :: 108 articles :: 1.05 seconds
1533-015X :: 297 articles :: 2.2 seconds
0147-8257 :: 28 articles :: 0.69 seconds
1350-7583 :: 122 articles :: 0.92 seconds
2325-6192 :: 314 articles :: 1.95 seconds
2372-0352 :: 330 articles :: 2.28 seconds
1178-6302 :: 284 articles :: 3.16 seconds
1001-6929 :: 721 articles :: 4.04 seconds
1000-6923 :: 0 articles :: 0.25 seconds
2233-6567 :: 144 articles :: 1.28 seconds
1392-1649 :: 359 articles :: 2.28 seconds
2468-6034 :: 91 articles :: 0.9 seconds
1496-2551 :: 268 articles :: 2.0 seconds
2229-2225 :: 306 articles :: 1.63 seconds
2666-0490 :: 189 articles :: 1.48 seconds
1078-7275 :: 370 articles :: 2.35 seconds
2354-0079 :: 244 articles :: 1.94 seconds
1805-0174 :: 156 articles :: 1.29 seconds
1613-7272 :: 263 articles :: 1.71 seconds
0738-289 :: 0 articles :: 0.24 seconds
2514-9407 :: 68 articles :: 0.83 seconds
1084-5453 :: 1387 articles :: 6.81 seconds
1466-2132 :: 567 articles :: 3.12 seconds
1466-6650 :: 305 articles :: 2.15 seconds
0254-8704 :: 1174 articles :: 6.17 seconds
2176-6142 :: 90 articles :: 0.89 seconds
2666-7894 :: 87 articles :: 0.99 seconds
2666-7657 :: 256 articles :: 2.19 seconds
2146-0329 :: 76 articles :: 0.91 seconds
1982-3932 :: 544 articles :: 3.55 seconds
1336-5835 :: 341 articles :: 2.63 seconds
1898-1135 :: 316 articles :: 2.18 seconds
1881-8692 :: 0 articles :: 0.26 seconds
1040-6026 :: 231 articles :: 1.64 seconds
2423-3765 :: 189 articles :: 1.42 seconds
2329-1621 :: 78 articles :: 0.78 seconds
2392-9537 :: 0 articles :: 0.24 seconds
2667-0100 :: 462 articles :: 3.46 seconds
2201-1919 :: 263 articles :: 1.9 seconds
0324-8828 :: 570 articles :: 3.09 seconds
1879-3886 :: 16 articles :: 0.57 seconds
1061-026X :: 0 articles :: 0.22 seconds
1996-918X :: 210 articles :: 1.68 seconds
1732-9353 :: 449 articles :: 3.09 seconds
1735-3033 :: 315 articles :: 2.33 seconds
1006-687X :: 336 articles :: 1.71 seconds
1064-3958 :: 0 articles :: 0.24 seconds
2555-0403 :: 29015 articles :: 178.09 seconds
2345-7651 :: 388 articles :: 2.36 seconds
2277-9183 :: 210 articles :: 1.87 seconds
2010-0264 :: 1053 articles :: 5.61 seconds
2332-2047 :: 0 articles :: 0.23 seconds
2287-0741 :: 50 articles :: 0.8 seconds
1385-2140 :: 135 articles :: 1.08 seconds
1225-7281 :: 650 articles :: 3.55 seconds
0163-4275 :: 450 articles :: 2.29 seconds
0378-777X :: 434 articles :: 2.57 seconds
1231-3726 :: 106 articles :: 0.94 seconds
0813-300X :: 89 articles :: 0.94 seconds
1755-1307 :: 55589 articles :: 330.47 seconds
1348-0685 :: 1066 articles :: 6.43 seconds
2476-6267 :: 172 articles :: 1.27 seconds
2476-7204 :: 125 articles :: 0.93 seconds
1874-6519 :: 319 articles :: 2.14 seconds
1673-9108 :: 66 articles :: 0.86 seconds
2719-7050 :: 384 articles :: 2.01 seconds
1461-4529 :: 450 articles :: 2.67 seconds
0253-7141 :: 0 articles :: 0.26 seconds
2325-1077 :: 136 articles :: 0.92 seconds
2524-342X :: 655 articles :: 4.03 seconds
1879-7180 :: 223 articles :: 1.89 seconds
2476-6674 :: 0 articles :: 0.22 seconds
2345-7481 :: 294 articles :: 2.17 seconds
2672-9016 :: 17 articles :: 0.61 seconds
2029-7092 :: 0 articles :: 0.23 seconds
1570-3010 :: 182 articles :: 1.22 seconds
2661-3190 :: 45 articles :: 0.73 seconds
1866-8348 :: 88 articles :: 0.85 seconds
1998-6041 :: 372 articles :: 2.36 seconds
2634-3606 :: 198 articles :: 1.53 seconds
1995-6681 :: 0 articles :: 0.26 seconds
0307-4870 :: 0 articles :: 0.25 seconds
2694-2518 :: 106 articles :: 1.12 seconds
2690-0637 :: 684 articles :: 5.01 seconds
1995-0756 :: 492 articles :: 2.86 seconds
1093-0191 :: 83 articles :: 0.95 seconds
2051-5030 :: 159 articles :: 1.12 seconds
1569-3740 :: 0 articles :: 0.24 seconds
1436-7890 :: 0 articles :: 0.26 seconds
1553-345X :: 310 articles :: 2.25 seconds
0003-9896 :: 0 articles :: 0.24 seconds
0972-3005 :: 0 articles :: 0.24 seconds
0960-1686 :: 0 articles :: 1.25 seconds
1322-1698 :: 0 articles :: 0.25 seconds
2423-6292 :: 143 articles :: 1.34 seconds
0887-6134 :: 0 articles :: 0.25 seconds
1066-7938 :: 0 articles :: 0.26 seconds
1040-838X :: 0 articles :: 0.25 seconds
1571-9197 :: 0 articles :: 0.24 seconds
0927-5207 :: 0 articles :: 0.4 seconds
0167-8892 :: 115 articles :: 0.84 seconds
1474-8177 :: 40 articles :: 0.72 seconds
2212-1315 :: 0 articles :: 0.23 seconds
1063-7419 :: 0 articles :: 0.23 seconds
1010-7606 :: 0 articles :: 0.25 seconds
1579-4377 :: 0 articles :: 0.21 seconds
1478-7539 :: 0 articles :: 0.25 seconds
0265-8135 :: 290 articles :: 2.08 seconds
1460-5147 :: 0 articles :: 0.24 seconds
1555-5275 :: 0 articles :: 0.26 seconds
1635-7922 :: 0 articles :: 0.26 seconds
1059-0501 :: 103 articles :: 1.04 seconds
0144-9281 :: 0 articles :: 0.24 seconds
1522-7987 :: 0 articles :: 0.23 seconds
2058-5888 :: 1191 articles :: 7.71 seconds
0099-0094 :: 0 articles :: 0.29 seconds
0177-5146 :: 0 articles :: 0.24 seconds
0250-863X :: 0 articles :: 0.25 seconds
1053-4180 :: 0 articles :: 0.3 seconds
1067-6058 :: 0 articles :: 0.22 seconds
0013-9300 :: 0 articles :: 0.23 seconds
0287-0517 :: 0 articles :: 0.24 seconds
0192-2521 :: 0 articles :: 0.23 seconds
0143-1471 :: 0 articles :: 0.23 seconds
0143-148X :: 0 articles :: 0.24 seconds
1466-0466 :: 305 articles :: 1.88 seconds
0278-449 :: 0 articles :: 0.24 seconds
0703-9565 :: 0 articles :: 0.24 seconds
0147-2496 :: 0 articles :: 0.23 seconds
0266-9838 :: 0 articles :: 0.24 seconds
1089-232X :: 0 articles :: 0.23 seconds
0143-2060 :: 0 articles :: 0.3 seconds
1053-4725 :: 0 articles :: 0.27 seconds
2365-6433 :: 256 articles :: 2.2 seconds
0966-1646 :: 75 articles :: 0.86 seconds
1371-6980 :: 1 articles :: 0.51 seconds
0926-6917 :: 0 articles :: 0.26 seconds
1673-7415 :: 1 articles :: 0.48 seconds
1574-0099 :: 2 articles :: 0.49 seconds
0367-827X :: 58 articles :: 0.67 seconds
1357-3292 :: 0 articles :: 0.26 seconds
0973-6077 :: 0 articles :: 0.23 seconds
0377-015X :: 630 articles :: 3.7 seconds
1306-3065 :: 1360 articles :: 6.51 seconds
2229-7359 :: 0 articles :: 0.23 seconds
2205-3204 :: 109 articles :: 0.8 seconds
1735-1979 :: 24 articles :: 0.75 seconds
1934-7235 :: 0 articles :: 0.24 seconds
1052-1062 :: 0 articles :: 0.27 seconds
1058-3912 :: 20 articles :: 0.66 seconds
1049-0280 :: 0 articles :: 0.25 seconds
1464-0325 :: 3 articles :: 0.55 seconds
1064-7546 :: 0 articles :: 0.24 seconds
0360-1226 :: 27 articles :: 0.66 seconds
1077-1204 :: 139 articles :: 1.17 seconds
0736-3001 :: 0 articles :: 0.23 seconds
0360-1242 :: 0 articles :: 0.24 seconds
1994-7887 :: 504 articles :: 3.06 seconds
1025-8620 :: 0 articles :: 0.23 seconds
0047-2433 :: 0 articles :: 0.23 seconds
2309-1185 :: 215 articles :: 1.61 seconds
1053-4245 :: 0 articles :: 0.24 seconds
1341-1268 :: 0 articles :: 0.26 seconds
0951-7359 :: 904 articles :: 5.5 seconds
2028-2508 :: 91 articles :: 0.84 seconds
0146-1052 :: 0 articles :: 0.24 seconds
1360-4015 :: 904 articles :: 5.42 seconds
1052-2883 :: 0 articles :: 0.24 seconds
0251-110X :: 0 articles :: 0.24 seconds
0098-4108 :: 0 articles :: 0.25 seconds
1448-8345 :: 0 articles :: 0.31 seconds
1259-5977 :: 106 articles :: 0.98 seconds
1871-4668 :: 0 articles :: 0.28 seconds
0730-630X :: 0 articles :: 0.31 seconds
0194-1453 :: 0 articles :: 0.24 seconds
1876-3251 :: 17 articles :: 0.6 seconds
2634-6451 :: 121 articles :: 0.84 seconds
1546-3427 :: 0 articles :: 0.23 seconds
1548-0755 :: 135 articles :: 0.88 seconds
1065-609X :: 0 articles :: 0.25 seconds
1819-3420 :: 100 articles :: 0.76 seconds
1358-2283 :: 0 articles :: 0.23 seconds
0962-8797 :: 5 articles :: 0.5 seconds
1537-4467 :: 0 articles :: 0.42 seconds
2689-758X :: 0 articles :: 0.23 seconds
0166-1116 :: 5 articles :: 0.5 seconds
0092-9867 :: 780 articles :: 4.92 seconds
1300-0160 :: 47 articles :: 0.77 seconds
1062-6212 :: 0 articles :: 0.24 seconds
0969-9775 :: 0 articles :: 0.25 seconds
0963-584X :: 0 articles :: 0.23 seconds
1354-313X :: 0 articles :: 0.23 seconds
